TN:
SF:src\App.tsx
FN:12,ProtectedRoute
FN:51,NoAccess
FN:57,(anonymous_2)
FN:73,(anonymous_3)
FN:83,App
FNF:5
FNH:2
FNDA:6,ProtectedRoute
FNDA:0,NoAccess
FNDA:0,(anonymous_2)
FNDA:0,(anonymous_3)
FNDA:9,App
DA:19,6
DA:21,6
DA:22,0
DA:33,6
DA:34,0
DA:38,6
DA:39,0
DA:42,6
DA:43,0
DA:44,0
DA:45,0
DA:48,6
DA:52,0
DA:53,0
DA:57,0
DA:73,0
DA:84,9
DA:86,9
LF:18
LH:8
BRDA:21,0,0,0
BRDA:21,0,1,6
BRDA:33,1,0,0
BRDA:33,1,1,6
BRDA:38,2,0,0
BRDA:38,2,1,6
BRDA:42,3,0,0
BRDA:42,3,1,6
BRDA:42,4,0,6
BRDA:42,4,1,2
BRDA:43,5,0,0
BRDA:43,5,1,0
BRDA:44,6,0,0
BRDA:44,6,1,0
BRDA:92,7,0,6
BRDA:92,7,1,3
BRDA:93,8,0,2
BRDA:93,8,1,4
BRDA:95,9,0,2
BRDA:95,9,1,2
BRDA:100,10,0,2
BRDA:100,10,1,1
BRF:22
BRH:14
end_of_record
TN:
SF:src\components\AppLayout.tsx
FN:26,useLocalStorage
FN:27,(anonymous_1)
FN:36,(anonymous_2)
FN:49,AppLayout
FN:64,(anonymous_4)
FN:69,(anonymous_5)
FN:71,(anonymous_6)
FN:78,(anonymous_7)
FN:82,(anonymous_8)
FN:84,(anonymous_9)
FN:94,handleSignOut
FN:114,(anonymous_11)
FN:131,(anonymous_12)
FN:136,(anonymous_13)
FN:179,(anonymous_14)
FN:196,(anonymous_15)
FN:223,(anonymous_16)
FN:231,(anonymous_17)
FNF:18
FNH:14
FNDA:11,useLocalStorage
FNDA:7,(anonymous_1)
FNDA:1,(anonymous_2)
FNDA:11,AppLayout
FNDA:7,(anonymous_4)
FNDA:8,(anonymous_5)
FNDA:0,(anonymous_6)
FNDA:1,(anonymous_7)
FNDA:8,(anonymous_8)
FNDA:8,(anonymous_9)
FNDA:1,handleSignOut
FNDA:0,(anonymous_11)
FNDA:11,(anonymous_12)
FNDA:18,(anonymous_13)
FNDA:1,(anonymous_14)
FNDA:0,(anonymous_15)
FNDA:1,(anonymous_16)
FNDA:0,(anonymous_17)
DA:16,1
DA:20,1
DA:27,11
DA:28,7
DA:29,7
DA:30,7
DA:32,0
DA:35,11
DA:37,1
DA:38,1
DA:39,1
DA:46,11
DA:50,11
DA:51,11
DA:52,11
DA:54,11
DA:58,11
DA:60,11
DA:61,11
DA:64,11
DA:65,7
DA:69,11
DA:70,8
DA:71,1
DA:72,0
DA:73,0
DA:74,0
DA:77,1
DA:78,1
DA:82,11
DA:83,8
DA:84,8
DA:85,8
DA:90,11
DA:95,1
DA:98,11
DA:99,1
DA:111,10
DA:114,0
DA:132,11
DA:137,18
DA:166,11
DA:179,1
DA:197,0
DA:198,0
DA:223,1
DA:231,0
LF:47
LH:39
BRDA:30,0,0,1
BRDA:30,0,1,6
BRDA:70,1,0,7
BRDA:70,1,1,1
BRDA:72,2,0,0
BRDA:72,2,1,0
BRDA:83,3,0,1
BRDA:83,3,1,7
BRDA:90,4,0,1
BRDA:90,4,1,10
BRDA:90,5,0,11
BRDA:90,5,1,10
BRDA:98,6,0,1
BRDA:98,6,1,10
BRDA:121,7,0,10
BRDA:121,7,1,5
BRDA:138,8,0,14
BRDA:138,8,1,4
BRDA:145,9,0,11
BRDA:145,9,1,6
BRDA:160,10,0,11
BRDA:160,10,1,5
BRDA:172,11,0,5
BRDA:172,11,1,5
BRDA:181,12,0,5
BRDA:181,12,1,5
BRDA:185,13,0,5
BRDA:185,13,1,5
BRDA:193,14,0,11
BRDA:193,14,1,2
BRDA:211,15,0,2
BRDA:211,15,1,8
BRF:32
BRH:30
end_of_record
TN:
SF:src\components\Auth.tsx
FN:11,Auth
FN:26,handleSignIn
FN:60,handleSignUp
FN:112,handleGithubOAuth
FN:136,handleLinkAccounts
FN:178,(anonymous_5)
FN:183,toggleRole
FN:184,(anonymous_7)
FN:193,(anonymous_8)
FN:231,(anonymous_9)
FN:247,(anonymous_10)
FN:294,(anonymous_11)
FN:309,(anonymous_12)
FN:409,(anonymous_13)
FN:430,(anonymous_14)
FNF:15
FNH:10
FNDA:205,Auth
FNDA:4,handleSignIn
FNDA:3,handleSignUp
FNDA:3,handleGithubOAuth
FNDA:0,handleLinkAccounts
FNDA:0,(anonymous_5)
FNDA:5,toggleRole
FNDA:5,(anonymous_7)
FNDA:1,(anonymous_8)
FNDA:0,(anonymous_9)
FNDA:4,(anonymous_10)
FNDA:102,(anonymous_11)
FNDA:55,(anonymous_12)
FNDA:0,(anonymous_13)
FNDA:0,(anonymous_14)
DA:12,205
DA:13,205
DA:14,205
DA:15,205
DA:16,205
DA:17,205
DA:18,205
DA:22,205
DA:23,205
DA:24,205
DA:27,4
DA:28,4
DA:30,4
DA:31,4
DA:33,4
DA:38,4
DA:39,2
DA:46,2
DA:47,2
DA:51,2
DA:52,1
DA:57,2
DA:61,3
DA:62,3
DA:64,3
DA:65,3
DA:67,3
DA:75,3
DA:76,0
DA:77,0
DA:78,0
DA:81,3
DA:83,1
DA:90,1
DA:91,1
DA:92,1
DA:95,2
DA:97,1
DA:98,1
DA:103,1
DA:107,1
DA:109,2
DA:113,3
DA:114,3
DA:117,3
DA:118,1
DA:121,3
DA:128,3
DA:129,1
DA:130,1
DA:131,1
DA:137,0
DA:138,0
DA:139,0
DA:140,0
DA:143,0
DA:144,0
DA:148,0
DA:149,0
DA:150,0
DA:151,0
DA:152,0
DA:156,0
DA:165,0
DA:166,0
DA:167,0
DA:168,0
DA:171,0
DA:175,0
DA:178,0
DA:179,0
DA:184,5
DA:185,5
DA:188,205
DA:193,1
DA:232,0
DA:233,0
DA:248,4
DA:249,4
DA:294,102
DA:309,55
DA:409,0
DA:430,0
LF:83
LH:56
BRDA:28,0,0,0
BRDA:28,0,1,4
BRDA:28,1,0,4
BRDA:28,1,1,4
BRDA:38,2,0,2
BRDA:38,2,1,2
BRDA:42,3,0,1
BRDA:42,3,1,1
BRDA:51,4,0,1
BRDA:51,4,1,1
BRDA:51,5,0,2
BRDA:51,5,1,1
BRDA:62,6,0,0
BRDA:62,6,1,3
BRDA:62,7,0,3
BRDA:62,7,1,3
BRDA:75,8,0,0
BRDA:75,8,1,3
BRDA:81,9,0,1
BRDA:81,9,1,2
BRDA:81,10,0,3
BRDA:81,10,1,2
BRDA:86,11,0,0
BRDA:86,11,1,1
BRDA:95,12,0,1
BRDA:95,12,1,1
BRDA:95,13,0,2
BRDA:95,13,1,1
BRDA:97,14,0,1
BRDA:97,14,1,0
BRDA:117,15,0,1
BRDA:117,15,1,2
BRDA:128,16,0,1
BRDA:128,16,1,2
BRDA:138,17,0,0
BRDA:138,17,1,0
BRDA:138,18,0,0
BRDA:138,18,1,0
BRDA:149,19,0,0
BRDA:149,19,1,0
BRDA:165,20,0,0
BRDA:165,20,1,0
BRDA:184,21,0,5
BRDA:184,21,1,0
BRDA:208,22,0,205
BRDA:208,22,1,5
BRDA:212,23,0,2
BRDA:212,23,1,3
BRDA:227,24,0,130
BRDA:227,24,1,75
BRDA:243,25,0,74
BRDA:243,25,1,131
BRDA:261,26,0,51
BRDA:261,26,1,154
BRDA:266,27,0,51
BRDA:266,27,1,154
BRDA:282,28,0,130
BRDA:282,28,1,75
BRDA:313,29,0,130
BRDA:313,29,1,75
BRDA:318,30,0,205
BRDA:318,30,1,195
BRDA:318,30,2,164
BRDA:321,31,0,10
BRDA:321,31,1,195
BRDA:324,32,0,130
BRDA:324,32,1,75
BRDA:325,33,0,28
BRDA:325,33,1,102
BRDA:328,34,0,23
BRDA:328,34,1,52
BRDA:364,35,0,154
BRDA:364,35,1,51
BRDA:372,36,0,205
BRDA:372,36,1,1
BRDA:382,37,0,1
BRDA:382,37,1,1
BRDA:386,38,0,1
BRDA:386,38,1,0
BRDA:440,39,0,1
BRDA:440,39,1,1
BRDA:440,39,2,0
BRDA:443,40,0,0
BRDA:443,40,1,1
BRDA:456,41,0,51
BRDA:456,41,1,154
BRDA:460,42,0,205
BRDA:460,42,1,154
BRF:88
BRH:71
end_of_record
TN:
SF:src\hooks\useAuth.ts
FN:12,useAuth
FN:15,(anonymous_1)
FN:17,(anonymous_2)
FN:30,(anonymous_3)
FN:40,(anonymous_4)
FN:50,handlePendingRole
FN:60,resolveRole
FN:121,useCurrentParticipant
FN:125,(anonymous_8)
FN:126,(anonymous_9)
FNF:10
FNH:9
FNDA:9,useAuth
FNDA:5,(anonymous_1)
FNDA:5,(anonymous_2)
FNDA:0,(anonymous_3)
FNDA:5,(anonymous_4)
FNDA:2,handlePendingRole
FNDA:2,resolveRole
FNDA:4,useCurrentParticipant
FNDA:2,(anonymous_8)
FNDA:2,(anonymous_9)
DA:13,9
DA:15,9
DA:17,5
DA:18,5
DA:19,3
DA:20,3
DA:22,2
DA:23,2
DA:24,2
DA:30,5
DA:31,0
DA:32,0
DA:33,0
DA:35,0
DA:36,0
DA:37,0
DA:40,5
DA:43,9
DA:51,2
DA:52,2
DA:53,0
DA:54,0
DA:65,2
DA:71,2
DA:74,1
DA:75,1
DA:81,1
DA:83,0
DA:87,0
DA:92,1
DA:99,1
DA:100,1
DA:106,1
DA:108,1
DA:112,1
DA:116,0
DA:118,0
DA:122,4
DA:123,4
DA:125,4
DA:126,2
DA:127,2
DA:128,1
DA:129,1
DA:131,1
DA:137,1
DA:138,1
DA:142,4
LF:48
LH:36
BRDA:18,0,0,3
BRDA:18,0,1,2
BRDA:22,1,0,2
BRDA:22,1,1,0
BRDA:23,2,0,2
BRDA:23,2,1,0
BRDA:31,3,0,0
BRDA:31,3,1,0
BRDA:35,4,0,0
BRDA:35,4,1,0
BRDA:36,5,0,0
BRDA:36,5,1,0
BRDA:52,6,0,0
BRDA:52,6,1,2
BRDA:71,7,0,1
BRDA:71,7,1,1
BRDA:74,8,0,1
BRDA:74,8,1,0
BRDA:81,9,0,0
BRDA:81,9,1,1
BRDA:99,10,0,1
BRDA:99,10,1,0
BRDA:106,11,0,1
BRDA:106,11,1,0
BRDA:116,12,0,0
BRDA:116,12,1,0
BRDA:127,13,0,1
BRDA:127,13,1,1
BRF:28
BRH:13
end_of_record
TN:
SF:src\lib\config.ts
FNF:0
FNH:0
DA:2,3
DA:3,3
DA:7,3
DA:11,3
LF:4
LH:4
BRDA:7,0,0,3
BRDA:7,0,1,3
BRDA:11,1,0,3
BRDA:11,1,1,3
BRF:4
BRH:4
end_of_record
TN:
SF:src\lib\supabase.ts
FNF:0
FNH:0
DA:4,5
DA:5,5
DA:7,5
DA:8,3
DA:13,2
LF:5
LH:5
BRDA:7,0,0,3
BRDA:7,0,1,2
BRDA:7,1,0,5
BRDA:7,1,1,3
BRF:4
BRH:4
end_of_record
TN:
SF:src\pages\WizardPlaceholder.tsx
FN:116,(anonymous_0)
FN:127,getStepsCompleted
FN:142,getDynamicSteps
FN:143,(anonymous_3)
FN:154,StepDetail
FN:191,(anonymous_5)
FN:220,ReportModal
FN:235,(anonymous_7)
FN:264,(anonymous_8)
FN:308,(anonymous_9)
FN:310,(anonymous_10)
FN:323,(anonymous_11)
FN:350,PersonRow
FN:385,(anonymous_13)
FN:399,WizardPlaceholder
FN:428,(anonymous_15)
FN:431,(anonymous_16)
FN:447,(anonymous_17)
FN:455,(anonymous_18)
FN:459,(anonymous_19)
FN:463,(anonymous_20)
FN:467,(anonymous_21)
FN:471,(anonymous_22)
FN:476,(anonymous_23)
FN:479,(anonymous_24)
FN:483,(anonymous_25)
FN:484,(anonymous_26)
FN:489,(anonymous_27)
FN:510,(anonymous_28)
FN:532,(anonymous_29)
FN:603,(anonymous_30)
FN:648,(anonymous_31)
FN:741,(anonymous_32)
FN:757,(anonymous_33)
FN:800,(anonymous_34)
FN:846,(anonymous_35)
FN:853,(anonymous_36)
FN:909,(anonymous_37)
FNF:38
FNH:19
FNDA:50,(anonymous_0)
FNDA:15,getStepsCompleted
FNDA:50,getDynamicSteps
FNDA:300,(anonymous_3)
FNDA:22,StepDetail
FNDA:0,(anonymous_5)
FNDA:0,ReportModal
FNDA:0,(anonymous_7)
FNDA:0,(anonymous_8)
FNDA:0,(anonymous_9)
FNDA:0,(anonymous_10)
FNDA:0,(anonymous_11)
FNDA:7,PersonRow
FNDA:0,(anonymous_13)
FNDA:50,WizardPlaceholder
FNDA:300,(anonymous_15)
FNDA:0,(anonymous_16)
FNDA:0,(anonymous_17)
FNDA:17,(anonymous_18)
FNDA:37,(anonymous_19)
FNDA:15,(anonymous_20)
FNDA:15,(anonymous_21)
FNDA:17,(anonymous_22)
FNDA:15,(anonymous_23)
FNDA:36,(anonymous_24)
FNDA:0,(anonymous_25)
FNDA:2,(anonymous_26)
FNDA:0,(anonymous_27)
FNDA:0,(anonymous_28)
FNDA:0,(anonymous_29)
FNDA:0,(anonymous_30)
FNDA:0,(anonymous_31)
FNDA:2,(anonymous_32)
FNDA:1,(anonymous_33)
FNDA:0,(anonymous_34)
FNDA:288,(anonymous_35)
FNDA:0,(anonymous_36)
FNDA:0,(anonymous_37)
DA:56,1
DA:116,50
DA:128,15
DA:129,15
DA:130,15
DA:139,0
DA:143,50
DA:144,300
DA:145,50
DA:146,50
DA:148,250
DA:163,22
DA:191,0
DA:211,1
DA:229,0
DA:230,0
DA:231,0
DA:232,0
DA:233,0
DA:235,0
DA:236,0
DA:237,0
DA:238,0
DA:239,0
DA:253,0
DA:254,0
DA:255,0
DA:258,0
DA:264,0
DA:309,0
DA:310,0
DA:323,0
DA:360,7
DA:385,0
DA:400,50
DA:401,50
DA:402,50
DA:406,50
DA:407,50
DA:408,50
DA:409,50
DA:410,50
DA:411,50
DA:412,50
DA:413,50
DA:414,50
DA:422,50
DA:423,50
DA:424,50
DA:426,50
DA:427,50
DA:428,300
DA:429,50
DA:431,50
DA:432,0
DA:433,0
DA:434,0
DA:438,0
DA:439,0
DA:441,0
DA:442,0
DA:444,0
DA:447,50
DA:448,0
DA:449,0
DA:451,0
DA:452,0
DA:455,50
DA:456,17
DA:457,15
DA:458,15
DA:459,37
DA:460,15
DA:461,17
DA:462,15
DA:463,15
DA:465,15
DA:466,15
DA:467,15
DA:471,50
DA:472,17
DA:473,15
DA:476,15
DA:479,50
DA:480,36
DA:481,8
DA:482,36
DA:483,2
DA:484,2
DA:488,50
DA:490,0
DA:491,0
DA:492,0
DA:493,0
DA:494,0
DA:496,0
DA:497,0
DA:498,0
DA:499,0
DA:501,0
DA:508,0
DA:509,0
DA:510,0
DA:511,0
DA:512,0
DA:513,0
DA:517,0
DA:518,0
DA:519,0
DA:526,0
DA:528,0
DA:530,0
DA:532,0
DA:533,0
DA:539,50
DA:540,1
DA:547,49
DA:548,1
DA:558,48
DA:603,0
DA:649,0
DA:741,2
DA:757,1
DA:801,0
DA:847,288
DA:848,288
DA:849,288
DA:853,0
DA:909,0
LF:129
LH:67
BRDA:117,0,0,4
BRDA:117,0,1,46
BRDA:118,1,0,4
BRDA:118,1,1,46
BRDA:128,2,0,15
BRDA:128,2,1,0
BRDA:128,3,0,15
BRDA:128,3,1,15
BRDA:144,4,0,50
BRDA:144,4,1,250
BRDA:166,5,0,0
BRDA:166,5,1,22
BRDA:167,6,0,0
BRDA:167,6,1,22
BRDA:171,7,0,22
BRDA:171,7,1,0
BRDA:179,8,0,22
BRDA:179,8,1,22
BRDA:181,9,0,22
BRDA:181,9,1,22
BRDA:186,10,0,22
BRDA:186,10,1,0
BRDA:186,10,2,0
BRDA:192,11,0,0
BRDA:192,11,1,22
BRDA:195,12,0,22
BRDA:195,12,1,22
BRDA:236,13,0,0
BRDA:236,13,1,0
BRDA:250,14,0,0
BRDA:250,14,1,0
BRDA:254,15,0,0
BRDA:254,15,1,0
BRDA:264,16,0,0
BRDA:264,16,1,0
BRDA:271,17,0,0
BRDA:271,17,1,0
BRDA:279,18,0,0
BRDA:279,18,1,0
BRDA:309,19,0,0
BRDA:309,19,1,0
BRDA:311,20,0,0
BRDA:311,20,1,0
BRDA:312,21,0,0
BRDA:312,21,1,0
BRDA:326,22,0,0
BRDA:326,22,1,0
BRDA:336,23,0,0
BRDA:336,23,1,0
BRDA:362,24,0,4
BRDA:362,24,1,3
BRDA:363,25,0,4
BRDA:363,25,1,3
BRDA:367,26,0,7
BRDA:367,26,1,7
BRDA:368,27,0,7
BRDA:368,27,1,0
BRDA:371,28,0,7
BRDA:371,28,1,0
BRDA:432,29,0,0
BRDA:432,29,1,0
BRDA:438,30,0,0
BRDA:438,30,1,0
BRDA:448,31,0,0
BRDA:448,31,1,0
BRDA:456,32,0,2
BRDA:456,32,1,15
BRDA:460,33,0,4
BRDA:460,33,1,11
BRDA:461,34,0,15
BRDA:461,34,1,2
BRDA:463,35,0,15
BRDA:463,35,1,0
BRDA:465,36,0,15
BRDA:465,36,1,0
BRDA:467,37,0,15
BRDA:467,37,1,0
BRDA:472,38,0,2
BRDA:472,38,1,15
BRDA:476,39,0,15
BRDA:476,39,1,0
BRDA:480,40,0,28
BRDA:480,40,1,8
BRDA:481,41,0,8
BRDA:481,41,1,6
BRDA:481,41,2,6
BRDA:482,42,0,2
BRDA:482,42,1,34
BRDA:482,43,0,36
BRDA:482,43,1,8
BRDA:490,44,0,0
BRDA:490,44,1,0
BRDA:496,45,0,0
BRDA:496,45,1,0
BRDA:511,46,0,0
BRDA:511,46,1,0
BRDA:511,47,0,0
BRDA:511,47,1,0
BRDA:518,48,0,0
BRDA:518,48,1,0
BRDA:518,49,0,0
BRDA:518,49,1,0
BRDA:521,50,0,0
BRDA:521,50,1,0
BRDA:522,51,0,0
BRDA:522,51,1,0
BRDA:530,52,0,0
BRDA:530,52,1,0
BRDA:533,53,0,0
BRDA:533,53,1,0
BRDA:539,54,0,1
BRDA:539,54,1,49
BRDA:547,55,0,1
BRDA:547,55,1,48
BRDA:563,56,0,48
BRDA:563,56,1,30
BRDA:571,57,0,50
BRDA:571,57,1,10
BRDA:579,58,0,50
BRDA:579,58,1,0
BRDA:586,59,0,50
BRDA:586,59,1,0
BRDA:598,60,0,3
BRDA:598,60,1,45
BRDA:598,61,0,50
BRDA:598,61,1,3
BRDA:611,62,0,3
BRDA:611,62,1,1
BRDA:627,63,0,1
BRDA:627,63,1,2
BRDA:630,64,0,1
BRDA:630,64,1,2
BRDA:644,65,0,1
BRDA:644,65,1,2
BRDA:654,66,0,0
BRDA:654,66,1,0
BRDA:663,67,0,3
BRDA:663,67,1,1
BRDA:666,68,0,1
BRDA:666,68,1,0
BRDA:688,69,0,1
BRDA:688,69,1,2
BRDA:694,70,0,0
BRDA:694,70,1,1
BRDA:702,71,0,0
BRDA:702,71,1,2
BRDA:708,72,0,22
BRDA:708,72,1,23
BRDA:708,73,0,45
BRDA:708,73,1,22
BRDA:716,74,0,8
BRDA:716,74,1,15
BRDA:719,75,0,1
BRDA:719,75,1,7
BRDA:719,76,0,8
BRDA:719,76,1,7
BRDA:720,77,0,1
BRDA:720,77,1,0
BRDA:720,77,2,0
BRDA:723,78,0,0
BRDA:723,78,1,7
BRDA:726,79,0,1
BRDA:726,79,1,7
BRDA:726,80,0,8
BRDA:726,80,1,7
BRDA:727,81,0,1
BRDA:727,81,1,1
BRDA:727,82,0,1
BRDA:727,82,1,1
BRDA:730,83,0,0
BRDA:730,83,1,7
BRDA:733,84,0,8
BRDA:733,84,1,0
BRDA:739,85,0,8
BRDA:739,85,1,4
BRDA:755,86,0,50
BRDA:755,86,1,45
BRDA:757,87,0,1
BRDA:757,87,1,1
BRDA:759,88,0,15
BRDA:759,88,1,30
BRDA:764,89,0,45
BRDA:764,89,1,15
BRDA:770,90,0,45
BRDA:770,90,1,30
BRDA:776,91,0,3
BRDA:776,91,1,42
BRDA:796,92,0,45
BRDA:796,92,1,0
BRDA:815,93,0,45
BRDA:815,93,1,1
BRDA:853,94,0,0
BRDA:853,94,1,0
BRDA:855,95,0,23
BRDA:855,95,1,265
BRDA:859,96,0,23
BRDA:859,96,1,265
BRDA:863,97,0,64
BRDA:863,97,1,224
BRDA:865,98,0,23
BRDA:865,98,1,201
BRDA:871,99,0,64
BRDA:871,99,1,224
BRDA:875,100,0,64
BRDA:875,100,1,224
BRDA:877,101,0,23
BRDA:877,101,1,201
BRDA:893,102,0,50
BRDA:893,102,1,10
BRDA:903,103,0,50
BRDA:903,103,1,0
BRDA:903,103,2,0
BRF:212
BRH:134
end_of_record
