TN:
SF:src\App.tsx
FN:12,ProtectedRoute
FN:47,App
FNF:2
FNH:2
FNDA:4,ProtectedRoute
FNDA:12,App
DA:19,4
DA:21,4
DA:22,0
DA:33,4
DA:34,0
DA:37,4
DA:38,0
DA:39,0
DA:40,0
DA:43,4
DA:48,12
DA:50,12
LF:12
LH:7
BRDA:21,0,0,0
BRDA:21,0,1,4
BRDA:33,1,0,0
BRDA:33,1,1,4
BRDA:37,2,0,0
BRDA:37,2,1,4
BRDA:37,3,0,4
BRDA:37,3,1,2
BRDA:38,4,0,0
BRDA:38,4,1,0
BRDA:39,5,0,0
BRDA:39,5,1,0
BRDA:43,6,0,4
BRDA:43,6,1,0
BRDA:56,7,0,8
BRDA:56,7,1,4
BRDA:57,8,0,3
BRDA:57,8,1,5
BRDA:59,9,0,3
BRDA:59,9,1,2
BRDA:64,10,0,3
BRDA:64,10,1,1
BRDA:81,11,0,1
BRDA:81,11,1,11
BRDA:89,12,0,3
BRDA:89,12,1,8
BRDA:91,13,0,3
BRDA:91,13,1,5
BRDA:93,14,0,3
BRDA:93,14,1,2
BRDA:104,15,0,1
BRDA:104,15,1,11
BRDA:112,16,0,3
BRDA:112,16,1,8
BRF:34
BRH:26
end_of_record
TN:
SF:src\components\AppLayout.tsx
FN:26,useLocalStorage
FN:27,(anonymous_1)
FN:36,(anonymous_2)
FN:49,AppLayout
FN:64,(anonymous_4)
FN:69,(anonymous_5)
FN:71,(anonymous_6)
FN:78,(anonymous_7)
FN:82,(anonymous_8)
FN:84,(anonymous_9)
FN:94,handleSignOut
FN:114,(anonymous_11)
FN:131,(anonymous_12)
FN:136,(anonymous_13)
FN:179,(anonymous_14)
FN:196,(anonymous_15)
FN:223,(anonymous_16)
FN:231,(anonymous_17)
FNF:18
FNH:14
FNDA:11,useLocalStorage
FNDA:7,(anonymous_1)
FNDA:1,(anonymous_2)
FNDA:11,AppLayout
FNDA:7,(anonymous_4)
FNDA:8,(anonymous_5)
FNDA:0,(anonymous_6)
FNDA:1,(anonymous_7)
FNDA:8,(anonymous_8)
FNDA:8,(anonymous_9)
FNDA:1,handleSignOut
FNDA:0,(anonymous_11)
FNDA:11,(anonymous_12)
FNDA:18,(anonymous_13)
FNDA:1,(anonymous_14)
FNDA:0,(anonymous_15)
FNDA:1,(anonymous_16)
FNDA:0,(anonymous_17)
DA:16,1
DA:20,1
DA:27,11
DA:28,7
DA:29,7
DA:30,7
DA:32,0
DA:35,11
DA:37,1
DA:38,1
DA:39,1
DA:46,11
DA:50,11
DA:51,11
DA:52,11
DA:54,11
DA:58,11
DA:60,11
DA:61,11
DA:64,11
DA:65,7
DA:69,11
DA:70,8
DA:71,1
DA:72,0
DA:73,0
DA:74,0
DA:77,1
DA:78,1
DA:82,11
DA:83,8
DA:84,8
DA:85,8
DA:90,11
DA:95,1
DA:98,11
DA:99,1
DA:111,10
DA:114,0
DA:132,11
DA:137,18
DA:166,11
DA:179,1
DA:197,0
DA:198,0
DA:223,1
DA:231,0
LF:47
LH:39
BRDA:30,0,0,1
BRDA:30,0,1,6
BRDA:70,1,0,7
BRDA:70,1,1,1
BRDA:72,2,0,0
BRDA:72,2,1,0
BRDA:83,3,0,1
BRDA:83,3,1,7
BRDA:90,4,0,1
BRDA:90,4,1,10
BRDA:90,5,0,11
BRDA:90,5,1,10
BRDA:98,6,0,1
BRDA:98,6,1,10
BRDA:121,7,0,10
BRDA:121,7,1,5
BRDA:138,8,0,14
BRDA:138,8,1,4
BRDA:145,9,0,11
BRDA:145,9,1,6
BRDA:160,10,0,11
BRDA:160,10,1,5
BRDA:172,11,0,5
BRDA:172,11,1,5
BRDA:181,12,0,5
BRDA:181,12,1,5
BRDA:185,13,0,5
BRDA:185,13,1,5
BRDA:193,14,0,11
BRDA:193,14,1,2
BRDA:211,15,0,2
BRDA:211,15,1,8
BRF:32
BRH:30
end_of_record
TN:
SF:src\components\Auth.tsx
FN:12,Auth
FN:24,(anonymous_1)
FN:28,(anonymous_2)
FN:31,checkSession
FN:49,(anonymous_4)
FN:97,handleSignIn
FN:132,(anonymous_6)
FN:161,handleSignUp
FN:216,linkGithub
FN:233,linkDiscord
FN:250,handleContinueAfterLinking
FN:262,toggleRole
FN:263,(anonymous_12)
FN:266,handleGithubOAuth
FN:298,(anonymous_14)
FN:336,(anonymous_15)
FN:349,(anonymous_16)
FN:391,(anonymous_17)
FN:407,(anonymous_18)
FNF:19
FNH:14
FNDA:256,Auth
FNDA:34,(anonymous_1)
FNDA:43,(anonymous_2)
FNDA:22,checkSession
FNDA:1,(anonymous_4)
FNDA:4,handleSignIn
FNDA:0,(anonymous_6)
FNDA:3,handleSignUp
FNDA:0,linkGithub
FNDA:0,linkDiscord
FNDA:0,handleContinueAfterLinking
FNDA:5,toggleRole
FNDA:5,(anonymous_12)
FNDA:3,handleGithubOAuth
FNDA:1,(anonymous_14)
FNDA:0,(anonymous_15)
FNDA:4,(anonymous_16)
FNDA:102,(anonymous_17)
FNDA:55,(anonymous_18)
DA:13,256
DA:14,256
DA:15,256
DA:16,256
DA:17,256
DA:18,256
DA:19,256
DA:20,256
DA:21,256
DA:22,256
DA:24,256
DA:25,34
DA:28,256
DA:29,43
DA:32,22
DA:33,22
DA:34,22
DA:35,20
DA:36,20
DA:42,2
DA:44,2
DA:45,0
DA:46,0
DA:49,2
DA:50,22
DA:51,22
DA:53,22
DA:55,0
DA:61,0
DA:63,0
DA:64,0
DA:65,0
DA:68,0
DA:69,0
DA:72,2
DA:74,2
DA:75,1
DA:76,1
DA:77,1
DA:80,1
DA:81,1
DA:82,1
DA:83,1
DA:86,0
DA:88,0
DA:89,0
DA:94,22
DA:98,4
DA:99,4
DA:101,4
DA:102,4
DA:104,4
DA:109,4
DA:110,2
DA:117,2
DA:118,2
DA:124,2
DA:126,2
DA:127,0
DA:128,0
DA:129,0
DA:132,2
DA:133,4
DA:134,4
DA:136,4
DA:137,1
DA:141,1
DA:142,1
DA:143,1
DA:146,1
DA:147,1
DA:148,1
DA:149,1
DA:153,1
DA:154,1
DA:157,0
DA:158,0
DA:162,3
DA:163,3
DA:165,3
DA:166,3
DA:168,3
DA:176,3
DA:177,0
DA:178,0
DA:179,0
DA:182,3
DA:183,1
DA:190,1
DA:191,1
DA:194,2
DA:195,1
DA:196,1
DA:200,1
DA:201,1
DA:202,1
DA:205,0
DA:206,0
DA:207,0
DA:213,1
DA:217,0
DA:218,0
DA:220,0
DA:224,0
DA:225,0
DA:226,0
DA:227,0
DA:230,0
DA:234,0
DA:235,0
DA:237,0
DA:241,0
DA:242,0
DA:243,0
DA:244,0
DA:247,0
DA:253,0
DA:254,0
DA:255,0
DA:256,0
DA:259,0
DA:263,5
DA:267,3
DA:268,1
DA:270,2
DA:273,3
DA:274,3
DA:276,3
DA:281,3
DA:282,1
DA:283,1
DA:287,1
DA:288,1
DA:291,2
DA:294,256
DA:298,1
DA:336,0
DA:349,4
DA:391,102
DA:407,55
LF:140
LH:95
BRDA:29,0,0,21
BRDA:29,0,1,22
BRDA:34,1,0,20
BRDA:34,1,1,2
BRDA:44,2,0,0
BRDA:44,2,1,2
BRDA:49,3,0,2
BRDA:49,3,1,0
BRDA:53,4,0,0
BRDA:53,4,1,22
BRDA:53,5,0,22
BRDA:53,5,1,1
BRDA:63,6,0,0
BRDA:63,6,1,0
BRDA:74,7,0,1
BRDA:74,7,1,1
BRDA:74,8,0,2
BRDA:74,8,1,1
BRDA:80,9,0,1
BRDA:80,9,1,0
BRDA:80,10,0,1
BRDA:80,10,1,1
BRDA:99,11,0,0
BRDA:99,11,1,4
BRDA:99,12,0,4
BRDA:99,12,1,4
BRDA:109,13,0,2
BRDA:109,13,1,2
BRDA:113,14,0,1
BRDA:113,14,1,1
BRDA:126,15,0,0
BRDA:126,15,1,2
BRDA:132,16,0,2
BRDA:132,16,1,0
BRDA:136,17,0,1
BRDA:136,17,1,3
BRDA:136,18,0,4
BRDA:136,18,1,1
BRDA:138,19,0,1
BRDA:138,19,1,0
BRDA:146,20,0,1
BRDA:146,20,1,0
BRDA:146,21,0,1
BRDA:146,21,1,0
BRDA:148,22,0,1
BRDA:148,22,1,0
BRDA:148,23,0,1
BRDA:148,23,1,1
BRDA:148,24,0,0
BRDA:148,24,1,0
BRDA:163,25,0,0
BRDA:163,25,1,3
BRDA:163,26,0,3
BRDA:163,26,1,3
BRDA:176,27,0,0
BRDA:176,27,1,3
BRDA:182,28,0,1
BRDA:182,28,1,2
BRDA:182,29,0,3
BRDA:182,29,1,2
BRDA:186,30,0,0
BRDA:186,30,1,1
BRDA:194,31,0,1
BRDA:194,31,1,1
BRDA:194,32,0,2
BRDA:194,32,1,1
BRDA:195,33,0,1
BRDA:195,33,1,0
BRDA:197,34,0,1
BRDA:197,34,1,0
BRDA:224,35,0,0
BRDA:224,35,1,0
BRDA:241,36,0,0
BRDA:241,36,1,0
BRDA:254,37,0,0
BRDA:254,37,1,0
BRDA:263,38,0,5
BRDA:263,38,1,0
BRDA:267,39,0,1
BRDA:267,39,1,2
BRDA:281,40,0,1
BRDA:281,40,1,2
BRDA:285,41,0,1
BRDA:285,41,1,0
BRDA:312,42,0,256
BRDA:312,42,1,5
BRDA:316,43,0,2
BRDA:316,43,1,3
BRDA:322,44,0,256
BRDA:322,44,1,87
BRDA:322,44,2,249
BRDA:332,45,0,168
BRDA:332,45,1,81
BRDA:345,46,0,81
BRDA:345,46,1,168
BRDA:359,47,0,60
BRDA:359,47,1,189
BRDA:364,48,0,60
BRDA:364,48,1,189
BRDA:379,49,0,168
BRDA:379,49,1,81
BRDA:411,50,0,168
BRDA:411,50,1,81
BRDA:417,51,0,249
BRDA:417,51,1,239
BRDA:417,51,2,165
BRDA:420,52,0,10
BRDA:420,52,1,239
BRDA:421,53,0,168
BRDA:421,53,1,81
BRDA:422,54,0,35
BRDA:422,54,1,133
BRDA:425,55,0,25
BRDA:425,55,1,56
BRDA:456,56,0,189
BRDA:456,56,1,60
BRDA:462,57,0,256
BRDA:462,57,1,6
BRDA:469,58,0,2
BRDA:469,58,1,4
BRDA:473,59,0,6
BRDA:473,59,1,2
BRDA:473,59,2,4
BRDA:482,60,0,0
BRDA:482,60,1,4
BRDA:488,61,0,6
BRDA:488,61,1,2
BRDA:488,61,2,6
BRDA:498,62,0,0
BRDA:498,62,1,6
BRDA:520,63,0,60
BRDA:520,63,1,195
BRF:132
BRH:102
end_of_record
TN:
SF:src\components\ChatWidget.tsx
FN:19,ChatWidget
FN:34,(anonymous_1)
FN:40,getBotResponse
FN:71,handleSend
FN:81,(anonymous_4)
FN:86,(anonymous_5)
FN:93,(anonymous_6)
FN:122,(anonymous_7)
FN:132,(anonymous_8)
FN:182,(anonymous_9)
FN:186,(anonymous_10)
FN:196,(anonymous_11)
FN:205,(anonymous_12)
FN:224,(anonymous_13)
FNF:14
FNH:14
FNDA:29,ChatWidget
FNDA:22,(anonymous_1)
FNDA:3,getBotResponse
FNDA:3,handleSend
FNDA:3,(anonymous_4)
FNDA:3,(anonymous_5)
FNDA:3,(anonymous_6)
FNDA:1,(anonymous_7)
FNDA:21,(anonymous_8)
FNDA:60,(anonymous_9)
FNDA:1,(anonymous_10)
FNDA:2,(anonymous_11)
FNDA:2,(anonymous_12)
FNDA:4,(anonymous_13)
DA:11,3
DA:20,29
DA:21,29
DA:22,29
DA:30,29
DA:31,29
DA:34,29
DA:35,22
DA:36,0
DA:41,3
DA:43,3
DA:44,1
DA:46,2
DA:47,0
DA:49,2
DA:50,1
DA:52,1
DA:53,0
DA:55,1
DA:56,0
DA:58,1
DA:59,0
DA:61,1
DA:62,0
DA:64,1
DA:65,0
DA:68,1
DA:72,3
DA:74,3
DA:81,3
DA:82,3
DA:83,3
DA:86,3
DA:87,3
DA:93,3
DA:94,3
DA:98,29
DA:122,1
DA:133,21
DA:183,60
DA:186,1
DA:197,2
DA:198,2
DA:205,2
DA:224,4
LF:45
LH:38
BRDA:35,0,0,0
BRDA:35,0,1,22
BRDA:43,1,0,1
BRDA:43,1,1,2
BRDA:43,2,0,3
BRDA:43,2,1,2
BRDA:43,2,2,2
BRDA:46,3,0,0
BRDA:46,3,1,2
BRDA:46,4,0,2
BRDA:46,4,1,2
BRDA:46,4,2,2
BRDA:49,5,0,1
BRDA:49,5,1,1
BRDA:49,6,0,2
BRDA:49,6,1,1
BRDA:49,6,2,1
BRDA:52,7,0,0
BRDA:52,7,1,1
BRDA:52,8,0,1
BRDA:52,8,1,1
BRDA:52,8,2,1
BRDA:55,9,0,0
BRDA:55,9,1,1
BRDA:55,10,0,1
BRDA:55,10,1,1
BRDA:58,11,0,0
BRDA:58,11,1,1
BRDA:58,12,0,1
BRDA:58,12,1,1
BRDA:61,13,0,0
BRDA:61,13,1,1
BRDA:61,14,0,1
BRDA:61,14,1,1
BRDA:64,15,0,0
BRDA:64,15,1,1
BRDA:64,16,0,1
BRDA:64,16,1,1
BRDA:64,16,2,1
BRDA:72,17,0,0
BRDA:72,17,1,3
BRDA:101,18,0,29
BRDA:101,18,1,12
BRDA:135,19,0,6
BRDA:135,19,1,15
BRDA:139,20,0,6
BRDA:139,20,1,15
BRDA:145,21,0,6
BRDA:145,21,1,15
BRDA:149,22,0,6
BRDA:149,22,1,15
BRDA:159,23,0,12
BRDA:159,23,1,3
BRDA:226,24,0,12
BRDA:226,24,1,17
BRDA:228,25,0,12
BRDA:228,25,1,17
BRF:57
BRH:49
end_of_record
TN:
SF:src\components\TeamLeadGithubPatStep.tsx
FN:14,isLikelyGitHubPat
FN:33,TeamLeadGithubPatStep
FN:46,handleContinue
FN:200,(anonymous_3)
FN:211,(anonymous_4)
FN:211,(anonymous_5)
FNF:6
FNH:0
FNDA:0,isLikelyGitHubPat
FNDA:0,TeamLeadGithubPatStep
FNDA:0,handleContinue
FNDA:0,(anonymous_3)
FNDA:0,(anonymous_4)
FNDA:0,(anonymous_5)
DA:15,0
DA:16,0
DA:43,0
DA:44,0
DA:47,0
DA:48,0
DA:49,0
DA:51,0
DA:52,0
DA:55,0
DA:57,0
DA:58,0
DA:61,0
DA:63,0
DA:201,0
DA:202,0
DA:211,0
LF:17
LH:0
BRDA:17,0,0,0
BRDA:17,0,1,0
BRDA:40,1,0,0
BRDA:41,2,0,0
BRDA:47,3,0,0
BRDA:47,3,1,0
BRDA:51,4,0,0
BRDA:51,4,1,0
BRDA:61,5,0,0
BRDA:61,5,1,0
BRDA:170,6,0,0
BRDA:170,6,1,0
BRDA:177,7,0,0
BRDA:177,7,1,0
BRDA:198,8,0,0
BRDA:198,8,1,0
BRDA:213,9,0,0
BRDA:213,9,1,0
BRDA:215,10,0,0
BRDA:215,10,1,0
BRDA:236,11,0,0
BRDA:236,11,1,0
BRDA:239,12,0,0
BRDA:239,12,1,0
BRF:24
BRH:0
end_of_record
TN:
SF:src\hooks\useAuth.ts
FN:12,useAuth
FN:15,(anonymous_1)
FN:17,(anonymous_2)
FN:30,(anonymous_3)
FN:40,(anonymous_4)
FN:50,handlePendingRole
FN:60,resolveRole
FN:121,useCurrentParticipant
FN:125,(anonymous_8)
FN:126,(anonymous_9)
FNF:10
FNH:9
FNDA:9,useAuth
FNDA:5,(anonymous_1)
FNDA:5,(anonymous_2)
FNDA:0,(anonymous_3)
FNDA:5,(anonymous_4)
FNDA:2,handlePendingRole
FNDA:2,resolveRole
FNDA:4,useCurrentParticipant
FNDA:2,(anonymous_8)
FNDA:2,(anonymous_9)
DA:13,9
DA:15,9
DA:17,5
DA:18,5
DA:19,3
DA:20,3
DA:22,2
DA:23,2
DA:24,2
DA:30,5
DA:31,0
DA:32,0
DA:33,0
DA:35,0
DA:36,0
DA:37,0
DA:40,5
DA:43,9
DA:51,2
DA:52,2
DA:53,0
DA:54,0
DA:65,2
DA:71,2
DA:74,1
DA:75,1
DA:81,1
DA:83,0
DA:87,0
DA:92,1
DA:99,1
DA:100,1
DA:106,1
DA:108,1
DA:112,1
DA:116,0
DA:118,0
DA:122,4
DA:123,4
DA:125,4
DA:126,2
DA:127,2
DA:128,1
DA:129,1
DA:131,1
DA:137,1
DA:138,1
DA:142,4
LF:48
LH:36
BRDA:18,0,0,3
BRDA:18,0,1,2
BRDA:22,1,0,2
BRDA:22,1,1,0
BRDA:23,2,0,2
BRDA:23,2,1,0
BRDA:31,3,0,0
BRDA:31,3,1,0
BRDA:35,4,0,0
BRDA:35,4,1,0
BRDA:36,5,0,0
BRDA:36,5,1,0
BRDA:52,6,0,0
BRDA:52,6,1,2
BRDA:71,7,0,1
BRDA:71,7,1,1
BRDA:74,8,0,1
BRDA:74,8,1,0
BRDA:81,9,0,0
BRDA:81,9,1,1
BRDA:99,10,0,1
BRDA:99,10,1,0
BRDA:106,11,0,1
BRDA:106,11,1,0
BRDA:116,12,0,0
BRDA:116,12,1,0
BRDA:127,13,0,1
BRDA:127,13,1,1
BRF:28
BRH:13
end_of_record
TN:
SF:src\lib\config.ts
FNF:0
FNH:0
DA:2,3
DA:3,3
DA:7,3
DA:11,3
LF:4
LH:4
BRDA:11,0,0,3
BRDA:11,0,1,3
BRF:2
BRH:2
end_of_record
TN:
SF:src\lib\linkedAccounts.ts
FN:9,getLinkedAccountUsernames
FN:27,(anonymous_1)
FN:43,hasLinkedAccounts
FN:51,hasLinkedGitHub
FN:59,hasLinkedDiscord
FN:67,needsDiscordLink
FN:74,needsBothAccountsLink
FNF:7
FNH:7
FNDA:30,getLinkedAccountUsernames
FNDA:2,(anonymous_1)
FNDA:4,hasLinkedAccounts
FNDA:11,hasLinkedGitHub
FNDA:6,hasLinkedDiscord
FNDA:4,needsDiscordLink
FNDA:4,needsBothAccountsLink
DA:10,30
DA:13,30
DA:15,30
DA:18,30
DA:19,30
DA:20,1
DA:22,30
DA:23,1
DA:26,30
DA:27,15
DA:28,15
DA:32,15
DA:35,15
DA:36,2
DA:40,30
DA:44,4
DA:45,4
DA:52,11
DA:53,11
DA:60,6
DA:61,6
DA:68,4
DA:75,4
LF:23
LH:23
BRDA:10,0,0,30
BRDA:10,0,1,5
BRDA:13,1,0,30
BRDA:13,1,1,16
BRDA:15,2,0,30
BRDA:15,2,1,17
BRDA:19,3,0,1
BRDA:19,3,1,29
BRDA:19,4,0,30
BRDA:19,4,1,16
BRDA:20,5,0,1
BRDA:20,5,1,0
BRDA:22,6,0,1
BRDA:22,6,1,29
BRDA:22,7,0,30
BRDA:22,7,1,17
BRDA:23,8,0,1
BRDA:23,8,1,0
BRDA:26,9,0,15
BRDA:26,9,1,15
BRDA:32,10,0,15
BRDA:32,10,1,13
BRDA:32,10,2,13
BRDA:35,11,0,2
BRDA:35,11,1,13
BRDA:35,12,0,15
BRDA:35,12,1,2
BRDA:45,13,0,4
BRDA:45,13,1,2
BRDA:68,14,0,4
BRDA:68,14,1,2
BRDA:75,15,0,4
BRDA:75,15,1,2
BRF:33
BRH:31
end_of_record
TN:
SF:src\lib\storage.ts
FN:8,createExpiringStorage
FN:10,(anonymous_1)
FN:30,(anonymous_2)
FN:43,(anonymous_3)
FNF:4
FNH:4
FNDA:9,createExpiringStorage
FNDA:12,(anonymous_1)
FNDA:2,(anonymous_2)
FNDA:1,(anonymous_3)
DA:6,5
DA:9,9
DA:11,12
DA:12,12
DA:13,12
DA:15,3
DA:18,3
DA:19,1
DA:20,1
DA:23,1
DA:25,1
DA:26,1
DA:31,2
DA:32,2
DA:34,2
DA:35,2
DA:37,1
DA:39,1
DA:44,1
DA:45,1
DA:47,0
LF:21
LH:20
BRDA:13,0,0,9
BRDA:13,0,1,3
BRDA:18,1,0,1
BRDA:18,1,1,2
BRDA:18,2,0,3
BRDA:18,2,1,2
BRF:6
BRH:6
end_of_record
TN:
SF:src\lib\supabase.ts
FNF:0
FNH:0
DA:5,5
DA:6,5
DA:8,5
DA:9,3
DA:14,2
LF:5
LH:5
BRDA:8,0,0,3
BRDA:8,0,1,2
BRDA:8,1,0,5
BRDA:8,1,1,3
BRF:4
BRH:4
end_of_record
TN:
SF:src\pages\HackathonsDashboard.tsx
FN:22,formatDate
FN:31,HackathonsDashboard
FN:49,(anonymous_2)
FN:50,fetchHackathons
FN:67,(anonymous_4)
FN:79,(anonymous_5)
FN:80,fetchExisting
FN:108,(anonymous_7)
FN:130,(anonymous_8)
FN:136,(anonymous_9)
FN:174,(anonymous_10)
FN:223,(anonymous_11)
FN:258,(anonymous_12)
FN:305,(anonymous_13)
FN:309,(anonymous_14)
FN:362,(anonymous_15)
FN:378,(anonymous_16)
FN:382,(anonymous_17)
FN:395,(anonymous_18)
FN:416,(anonymous_19)
FNF:20
FNH:5
FNDA:0,formatDate
FNDA:11,HackathonsDashboard
FNDA:5,(anonymous_2)
FNDA:5,fetchHackathons
FNDA:0,(anonymous_4)
FNDA:5,(anonymous_5)
FNDA:5,fetchExisting
FNDA:0,(anonymous_7)
FNDA:0,(anonymous_8)
FNDA:0,(anonymous_9)
FNDA:0,(anonymous_10)
FNDA:0,(anonymous_11)
FNDA:0,(anonymous_12)
FNDA:0,(anonymous_13)
FNDA:0,(anonymous_14)
FNDA:0,(anonymous_15)
FNDA:0,(anonymous_16)
FNDA:0,(anonymous_17)
FNDA:0,(anonymous_18)
FNDA:0,(anonymous_19)
DA:23,0
DA:24,0
DA:32,11
DA:33,11
DA:35,11
DA:36,11
DA:37,11
DA:38,11
DA:39,11
DA:40,11
DA:41,11
DA:42,11
DA:43,11
DA:49,11
DA:51,5
DA:53,5
DA:58,5
DA:60,5
DA:61,5
DA:62,0
DA:63,0
DA:64,0
DA:67,5
DA:68,0
DA:69,0
DA:72,5
DA:73,5
DA:76,5
DA:79,11
DA:81,5
DA:85,4
DA:87,4
DA:89,0
DA:95,0
DA:96,0
DA:104,5
DA:107,11
DA:109,0
DA:110,0
DA:111,0
DA:112,0
DA:114,0
DA:116,0
DA:118,0
DA:119,0
DA:121,0
DA:124,0
DA:130,11
DA:131,0
DA:132,0
DA:133,0
DA:136,11
DA:137,0
DA:139,0
DA:140,0
DA:144,0
DA:146,0
DA:147,0
DA:148,0
DA:149,0
DA:152,0
DA:163,0
DA:164,0
DA:165,0
DA:166,0
DA:169,0
DA:170,0
DA:171,0
DA:174,11
DA:175,0
DA:177,0
DA:178,0
DA:182,0
DA:184,0
DA:185,0
DA:186,0
DA:187,0
DA:190,0
DA:191,0
DA:193,0
DA:210,0
DA:211,0
DA:212,0
DA:213,0
DA:217,0
DA:219,0
DA:220,0
DA:223,11
DA:224,0
DA:225,0
DA:228,11
DA:229,5
DA:236,5
DA:237,1
DA:238,1
DA:241,4
DA:258,0
DA:306,0
DA:309,0
DA:363,0
DA:364,0
DA:379,0
DA:382,0
DA:395,0
DA:417,0
DA:418,0
LF:106
LH:37
BRDA:23,0,0,0
BRDA:23,0,1,0
BRDA:61,1,0,5
BRDA:61,1,1,5
BRDA:62,2,0,0
BRDA:62,2,1,0
BRDA:67,3,0,5
BRDA:67,3,1,0
BRDA:68,4,0,0
BRDA:68,4,1,0
BRDA:81,5,0,1
BRDA:81,5,1,4
BRDA:87,6,0,4
BRDA:87,6,1,0
BRDA:95,7,0,0
BRDA:95,7,1,0
BRDA:99,8,0,0
BRDA:99,8,1,0
BRDA:114,9,0,0
BRDA:114,9,1,0
BRDA:116,10,0,0
BRDA:116,10,1,0
BRDA:137,11,0,0
BRDA:137,11,1,0
BRDA:137,12,0,0
BRDA:137,12,1,0
BRDA:146,13,0,0
BRDA:146,13,1,0
BRDA:163,14,0,0
BRDA:163,14,1,0
BRDA:175,15,0,0
BRDA:175,15,1,0
BRDA:175,16,0,0
BRDA:175,16,1,0
BRDA:184,17,0,0
BRDA:184,17,1,0
BRDA:191,18,0,0
BRDA:191,18,1,0
BRDA:210,19,0,0
BRDA:210,19,1,0
BRDA:228,20,0,5
BRDA:228,20,1,6
BRDA:228,21,0,11
BRDA:228,21,1,10
BRDA:236,22,0,1
BRDA:236,22,1,4
BRDA:268,23,0,1
BRDA:268,23,1,3
BRDA:272,24,0,11
BRDA:272,24,1,0
BRDA:282,25,0,4
BRDA:282,25,1,0
BRDA:289,26,0,1
BRDA:289,26,1,3
BRDA:293,27,0,4
BRDA:293,27,1,0
BRDA:298,28,0,1
BRDA:298,28,1,3
BRDA:318,29,0,0
BRDA:318,29,1,0
BRDA:318,30,0,0
BRDA:318,30,1,0
BRDA:320,31,0,0
BRDA:320,31,1,0
BRDA:320,32,0,0
BRDA:320,32,1,0
BRDA:329,33,0,0
BRDA:329,33,1,0
BRDA:336,34,0,0
BRDA:336,34,1,0
BRDA:341,35,0,0
BRDA:341,35,1,0
BRDA:373,36,0,0
BRDA:373,36,1,0
BRDA:373,36,2,0
BRDA:384,37,0,0
BRDA:384,37,1,0
BRDA:418,38,0,0
BRDA:418,38,1,0
BRDA:427,39,0,0
BRDA:427,39,1,0
BRDA:430,40,0,0
BRDA:430,40,1,0
BRDA:444,41,0,0
BRDA:444,41,1,0
BRDA:447,42,0,0
BRDA:447,42,1,0
BRDA:452,43,0,0
BRDA:452,43,1,0
BRF:89
BRH:21
end_of_record
TN:
SF:src\pages\WizardPlaceholder.tsx
FN:116,(anonymous_0)
FN:127,getStepsCompleted
FN:142,getDynamicSteps
FN:143,(anonymous_3)
FN:154,StepDetail
FN:191,(anonymous_5)
FN:220,ReportModal
FN:235,(anonymous_7)
FN:264,(anonymous_8)
FN:308,(anonymous_9)
FN:310,(anonymous_10)
FN:323,(anonymous_11)
FN:350,PersonRow
FN:385,(anonymous_13)
FN:399,WizardPlaceholder
FN:428,(anonymous_15)
FN:431,(anonymous_16)
FN:447,(anonymous_17)
FN:455,(anonymous_18)
FN:459,(anonymous_19)
FN:463,(anonymous_20)
FN:467,(anonymous_21)
FN:471,(anonymous_22)
FN:476,(anonymous_23)
FN:479,(anonymous_24)
FN:483,(anonymous_25)
FN:484,(anonymous_26)
FN:489,(anonymous_27)
FN:510,(anonymous_28)
FN:540,(anonymous_29)
FN:611,(anonymous_30)
FN:656,(anonymous_31)
FN:749,(anonymous_32)
FN:765,(anonymous_33)
FN:808,(anonymous_34)
FN:854,(anonymous_35)
FN:861,(anonymous_36)
FN:917,(anonymous_37)
FNF:38
FNH:19
FNDA:50,(anonymous_0)
FNDA:15,getStepsCompleted
FNDA:50,getDynamicSteps
FNDA:300,(anonymous_3)
FNDA:22,StepDetail
FNDA:0,(anonymous_5)
FNDA:0,ReportModal
FNDA:0,(anonymous_7)
FNDA:0,(anonymous_8)
FNDA:0,(anonymous_9)
FNDA:0,(anonymous_10)
FNDA:0,(anonymous_11)
FNDA:7,PersonRow
FNDA:0,(anonymous_13)
FNDA:50,WizardPlaceholder
FNDA:300,(anonymous_15)
FNDA:0,(anonymous_16)
FNDA:0,(anonymous_17)
FNDA:17,(anonymous_18)
FNDA:37,(anonymous_19)
FNDA:15,(anonymous_20)
FNDA:15,(anonymous_21)
FNDA:17,(anonymous_22)
FNDA:15,(anonymous_23)
FNDA:36,(anonymous_24)
FNDA:0,(anonymous_25)
FNDA:2,(anonymous_26)
FNDA:0,(anonymous_27)
FNDA:0,(anonymous_28)
FNDA:0,(anonymous_29)
FNDA:0,(anonymous_30)
FNDA:0,(anonymous_31)
FNDA:2,(anonymous_32)
FNDA:1,(anonymous_33)
FNDA:0,(anonymous_34)
FNDA:288,(anonymous_35)
FNDA:0,(anonymous_36)
FNDA:0,(anonymous_37)
DA:56,1
DA:116,50
DA:128,15
DA:129,15
DA:130,15
DA:139,0
DA:143,50
DA:144,300
DA:145,50
DA:146,50
DA:148,250
DA:163,22
DA:191,0
DA:211,1
DA:229,0
DA:230,0
DA:231,0
DA:232,0
DA:233,0
DA:235,0
DA:236,0
DA:237,0
DA:238,0
DA:239,0
DA:253,0
DA:254,0
DA:255,0
DA:258,0
DA:264,0
DA:309,0
DA:310,0
DA:323,0
DA:360,7
DA:385,0
DA:400,50
DA:401,50
DA:402,50
DA:406,50
DA:407,50
DA:408,50
DA:409,50
DA:410,50
DA:411,50
DA:412,50
DA:413,50
DA:414,50
DA:422,50
DA:423,50
DA:424,50
DA:426,50
DA:427,50
DA:428,300
DA:429,50
DA:431,50
DA:432,0
DA:433,0
DA:434,0
DA:438,0
DA:439,0
DA:441,0
DA:442,0
DA:444,0
DA:447,50
DA:448,0
DA:449,0
DA:451,0
DA:452,0
DA:455,50
DA:456,17
DA:457,15
DA:458,15
DA:459,37
DA:460,15
DA:461,17
DA:462,15
DA:463,15
DA:465,15
DA:466,15
DA:467,15
DA:471,50
DA:472,17
DA:473,15
DA:476,15
DA:479,50
DA:480,36
DA:481,8
DA:482,36
DA:483,2
DA:484,2
DA:488,50
DA:490,0
DA:491,0
DA:492,0
DA:493,0
DA:494,0
DA:496,0
DA:497,0
DA:498,0
DA:499,0
DA:501,0
DA:508,0
DA:509,0
DA:510,0
DA:511,0
DA:512,0
DA:515,0
DA:516,0
DA:525,0
DA:526,0
DA:527,0
DA:534,0
DA:536,0
DA:538,0
DA:540,0
DA:541,0
DA:547,50
DA:548,1
DA:555,49
DA:556,1
DA:566,48
DA:611,0
DA:657,0
DA:749,2
DA:765,1
DA:809,0
DA:855,288
DA:856,288
DA:857,288
DA:861,0
DA:917,0
LF:130
LH:67
BRDA:117,0,0,4
BRDA:117,0,1,46
BRDA:118,1,0,4
BRDA:118,1,1,46
BRDA:128,2,0,15
BRDA:128,2,1,0
BRDA:128,3,0,15
BRDA:128,3,1,15
BRDA:144,4,0,50
BRDA:144,4,1,250
BRDA:166,5,0,0
BRDA:166,5,1,22
BRDA:167,6,0,0
BRDA:167,6,1,22
BRDA:171,7,0,22
BRDA:171,7,1,0
BRDA:179,8,0,22
BRDA:179,8,1,22
BRDA:181,9,0,22
BRDA:181,9,1,22
BRDA:186,10,0,22
BRDA:186,10,1,0
BRDA:186,10,2,0
BRDA:192,11,0,0
BRDA:192,11,1,22
BRDA:195,12,0,22
BRDA:195,12,1,22
BRDA:236,13,0,0
BRDA:236,13,1,0
BRDA:250,14,0,0
BRDA:250,14,1,0
BRDA:254,15,0,0
BRDA:254,15,1,0
BRDA:264,16,0,0
BRDA:264,16,1,0
BRDA:271,17,0,0
BRDA:271,17,1,0
BRDA:279,18,0,0
BRDA:279,18,1,0
BRDA:309,19,0,0
BRDA:309,19,1,0
BRDA:311,20,0,0
BRDA:311,20,1,0
BRDA:312,21,0,0
BRDA:312,21,1,0
BRDA:326,22,0,0
BRDA:326,22,1,0
BRDA:336,23,0,0
BRDA:336,23,1,0
BRDA:362,24,0,4
BRDA:362,24,1,3
BRDA:363,25,0,4
BRDA:363,25,1,3
BRDA:367,26,0,7
BRDA:367,26,1,7
BRDA:368,27,0,7
BRDA:368,27,1,0
BRDA:371,28,0,7
BRDA:371,28,1,0
BRDA:432,29,0,0
BRDA:432,29,1,0
BRDA:438,30,0,0
BRDA:438,30,1,0
BRDA:448,31,0,0
BRDA:448,31,1,0
BRDA:456,32,0,2
BRDA:456,32,1,15
BRDA:460,33,0,4
BRDA:460,33,1,11
BRDA:461,34,0,15
BRDA:461,34,1,2
BRDA:463,35,0,15
BRDA:463,35,1,0
BRDA:465,36,0,15
BRDA:465,36,1,0
BRDA:467,37,0,15
BRDA:467,37,1,0
BRDA:472,38,0,2
BRDA:472,38,1,15
BRDA:476,39,0,15
BRDA:476,39,1,0
BRDA:480,40,0,28
BRDA:480,40,1,8
BRDA:481,41,0,8
BRDA:481,41,1,6
BRDA:481,41,2,6
BRDA:482,42,0,2
BRDA:482,42,1,34
BRDA:482,43,0,36
BRDA:482,43,1,8
BRDA:490,44,0,0
BRDA:490,44,1,0
BRDA:496,45,0,0
BRDA:496,45,1,0
BRDA:511,46,0,0
BRDA:511,46,1,0
BRDA:511,47,0,0
BRDA:511,47,1,0
BRDA:520,48,0,0
BRDA:520,48,1,0
BRDA:526,49,0,0
BRDA:526,49,1,0
BRDA:526,50,0,0
BRDA:526,50,1,0
BRDA:529,51,0,0
BRDA:529,51,1,0
BRDA:530,52,0,0
BRDA:530,52,1,0
BRDA:538,53,0,0
BRDA:538,53,1,0
BRDA:541,54,0,0
BRDA:541,54,1,0
BRDA:547,55,0,1
BRDA:547,55,1,49
BRDA:555,56,0,1
BRDA:555,56,1,48
BRDA:571,57,0,48
BRDA:571,57,1,30
BRDA:579,58,0,50
BRDA:579,58,1,10
BRDA:587,59,0,50
BRDA:587,59,1,0
BRDA:594,60,0,50
BRDA:594,60,1,0
BRDA:606,61,0,3
BRDA:606,61,1,45
BRDA:606,62,0,50
BRDA:606,62,1,3
BRDA:619,63,0,3
BRDA:619,63,1,1
BRDA:635,64,0,1
BRDA:635,64,1,2
BRDA:638,65,0,1
BRDA:638,65,1,2
BRDA:652,66,0,1
BRDA:652,66,1,2
BRDA:662,67,0,0
BRDA:662,67,1,0
BRDA:671,68,0,3
BRDA:671,68,1,1
BRDA:674,69,0,1
BRDA:674,69,1,0
BRDA:696,70,0,1
BRDA:696,70,1,2
BRDA:702,71,0,0
BRDA:702,71,1,1
BRDA:710,72,0,0
BRDA:710,72,1,2
BRDA:716,73,0,22
BRDA:716,73,1,23
BRDA:716,74,0,45
BRDA:716,74,1,22
BRDA:724,75,0,8
BRDA:724,75,1,15
BRDA:727,76,0,1
BRDA:727,76,1,7
BRDA:727,77,0,8
BRDA:727,77,1,7
BRDA:728,78,0,1
BRDA:728,78,1,0
BRDA:728,78,2,0
BRDA:731,79,0,0
BRDA:731,79,1,7
BRDA:734,80,0,1
BRDA:734,80,1,7
BRDA:734,81,0,8
BRDA:734,81,1,7
BRDA:735,82,0,1
BRDA:735,82,1,1
BRDA:735,83,0,1
BRDA:735,83,1,1
BRDA:738,84,0,0
BRDA:738,84,1,7
BRDA:741,85,0,8
BRDA:741,85,1,0
BRDA:747,86,0,8
BRDA:747,86,1,4
BRDA:763,87,0,50
BRDA:763,87,1,45
BRDA:765,88,0,1
BRDA:765,88,1,1
BRDA:767,89,0,15
BRDA:767,89,1,30
BRDA:772,90,0,45
BRDA:772,90,1,15
BRDA:778,91,0,45
BRDA:778,91,1,30
BRDA:784,92,0,3
BRDA:784,92,1,42
BRDA:804,93,0,45
BRDA:804,93,1,0
BRDA:823,94,0,45
BRDA:823,94,1,1
BRDA:861,95,0,0
BRDA:861,95,1,0
BRDA:863,96,0,23
BRDA:863,96,1,265
BRDA:867,97,0,23
BRDA:867,97,1,265
BRDA:871,98,0,64
BRDA:871,98,1,224
BRDA:873,99,0,23
BRDA:873,99,1,201
BRDA:879,100,0,64
BRDA:879,100,1,224
BRDA:883,101,0,64
BRDA:883,101,1,224
BRDA:885,102,0,23
BRDA:885,102,1,201
BRDA:901,103,0,50
BRDA:901,103,1,10
BRDA:911,104,0,50
BRDA:911,104,1,0
BRDA:911,104,2,0
BRF:214
BRH:134
end_of_record
